P7_01_Go4Lunch/app/build/intermediates/manifest_merge_blame_file/debug/manifest-merger-blame-debug-report.txt
1<?xml version="1.0" encoding="utf-8"?>
2<manifest xmlns:android="http://schemas.android.com/apk/res/android"
3    package="com.mdasilva.go4lunch"
4    android:versionCode="1"
5    android:versionName="1.0" >
6
7    <uses-sdk
8        android:minSdkVersion="21"
8-->src\main\AndroidManifest.xml
9        android:targetSdkVersion="31" />
9-->src\main\AndroidManifest.xml
10
11    <uses-permission android:name="android.permission.INTERNET" />
11-->src\main\AndroidManifest.xml:4:5-67
11-->src\main\AndroidManifest.xml:4:22-64
12    <uses-permission android:name="android.permission.ACCESS_FINE_LOCATION" />
12-->src\main\AndroidManifest.xml:5:5-79
12-->src\main\AndroidManifest.xml:5:22-76
13    <uses-permission android:name="android.permission.ACCESS_COARSE_LOCATION" />
13-->src\main\AndroidManifest.xml:6:5-81
13-->src\main\AndroidManifest.xml:6:22-78
14    <uses-permission android:name="android.permission.ACCESS_WIFI_STATE" /> <!-- Include required permissions for Google Maps API to run. -->
14-->[com.google.android.libraries.places:places:2.4.0] AndroidManifest.xml:10:5-76
14-->[com.google.android.libraries.places:places:2.4.0] AndroidManifest.xml:10:22-73
15    <uses-permission android:name="android.permission.ACCESS_NETWORK_STATE" />
15-->[com.google.android.gms:play-services-maps:17.0.1] AndroidManifest.xml:23:5-79
15-->[com.google.android.gms:play-services-maps:17.0.1] AndroidManifest.xml:23:22-76
16
17    <uses-feature
17-->[com.google.android.gms:play-services-maps:17.0.1] AndroidManifest.xml:26:5-28:35
18        android:glEsVersion="0x00020000"
18-->[com.google.android.gms:play-services-maps:17.0.1] AndroidManifest.xml:27:9-41
19        android:required="true" />
19-->[com.google.android.gms:play-services-maps:17.0.1] AndroidManifest.xml:28:9-32
20
21    <queries>
21-->[com.google.android.gms:play-services-maps:17.0.1] AndroidManifest.xml:30:5-34:15
22
23        <!-- Needs to be explicitly declared on Android R+ -->
24        <package android:name="com.google.android.apps.maps" />
24-->[com.google.android.gms:play-services-maps:17.0.1] AndroidManifest.xml:33:9-64
24-->[com.google.android.gms:play-services-maps:17.0.1] AndroidManifest.xml:33:18-61
25    </queries>
26
27    <uses-permission android:name="android.permission.WAKE_LOCK" />
27-->[com.google.android.gms:play-services-measurement-api:19.0.0] AndroidManifest.xml:24:5-68
27-->[com.google.android.gms:play-services-measurement-api:19.0.0] AndroidManifest.xml:24:22-65
28    <uses-permission android:name="com.google.android.finsky.permission.BIND_GET_INSTALL_REFERRER_SERVICE" />
28-->[com.google.android.gms:play-services-measurement:19.0.0] AndroidManifest.xml:26:5-110
28-->[com.google.android.gms:play-services-measurement:19.0.0] AndroidManifest.xml:26:22-107
29
30    <application
30-->src\main\AndroidManifest.xml:8:5-52:19
31        android:name="com.mdasilva.go4lunch.Go4LunchApp"
31-->src\main\AndroidManifest.xml:9:9-36
32        android:allowBackup="false"
32-->src\main\AndroidManifest.xml:10:9-36
33        android:appComponentFactory="androidx.core.app.CoreComponentFactory"
33-->[androidx.core:core:1.5.0] AndroidManifest.xml:24:18-86
34        android:debuggable="true"
35        android:icon="@mipmap/ic_launcher"
35-->src\main\AndroidManifest.xml:11:9-43
36        android:label="@string/app_name"
36-->src\main\AndroidManifest.xml:12:9-41
37        android:roundIcon="@mipmap/ic_launcher_round"
37-->src\main\AndroidManifest.xml:13:9-54
38        android:supportsRtl="true"
38-->src\main\AndroidManifest.xml:14:9-35
39        android:testOnly="true"
40        android:theme="@style/Theme.Go4Lunch" >
40-->src\main\AndroidManifest.xml:15:9-46
41        <activity
41-->src\main\AndroidManifest.xml:17:9-23:20
42            android:name="com.mdasilva.go4lunch.ui.view.LoginActivity"
42-->src\main\AndroidManifest.xml:17:19-56
43            android:exported="true" >
43-->src\main\AndroidManifest.xml:18:13-36
44            <intent-filter>
44-->src\main\AndroidManifest.xml:19:13-22:29
45                <action android:name="android.intent.action.MAIN" />
45-->src\main\AndroidManifest.xml:20:17-69
45-->src\main\AndroidManifest.xml:20:25-66
46
47                <category android:name="android.intent.category.LAUNCHER" />
47-->src\main\AndroidManifest.xml:21:17-77
47-->src\main\AndroidManifest.xml:21:27-74
48            </intent-filter>
49        </activity>
50
51        <!-- Google Maps -->
52        <meta-data
52-->src\main\AndroidManifest.xml:26:9-28:55
53            android:name="com.google.android.geo.API_KEY"
53-->src\main\AndroidManifest.xml:27:13-58
54            android:value="@string/google_maps_key" />
54-->src\main\AndroidManifest.xml:28:13-52
55
56        <activity
56-->src\main\AndroidManifest.xml:29:9-31:39
57            android:name="com.mdasilva.go4lunch.ui.view.HomeActivity"
57-->src\main\AndroidManifest.xml:30:13-49
58            android:exported="true" />
58-->src\main\AndroidManifest.xml:31:13-36
59        <!-- Facebook Login -->
60        <meta-data
60-->src\main\AndroidManifest.xml:33:9-35:55
61            android:name="com.facebook.sdk.ApplicationId"
61-->src\main\AndroidManifest.xml:34:13-58
62            android:value="@string/facebook_app_id" />
62-->src\main\AndroidManifest.xml:35:13-52
63
64        <activity
64-->src\main\AndroidManifest.xml:36:9-39:48
65            android:name="com.facebook.FacebookActivity"
65-->src\main\AndroidManifest.xml:37:13-57
66            android:configChanges="keyboard|keyboardHidden|screenLayout|screenSize|orientation"
66-->src\main\AndroidManifest.xml:38:13-96
67            android:label="@string/app_name"
67-->src\main\AndroidManifest.xml:39:13-45
68            android:theme="@style/com_facebook_activity_theme" />
68-->[com.facebook.android:facebook-common:8.2.0] AndroidManifest.xml:33:13-63
69        <activity
69-->src\main\AndroidManifest.xml:40:9-51:20
70            android:name="com.facebook.CustomTabActivity"
70-->src\main\AndroidManifest.xml:41:13-58
71            android:exported="true" >
71-->src\main\AndroidManifest.xml:42:13-36
72            <intent-filter>
72-->src\main\AndroidManifest.xml:43:13-50:29
73                <action android:name="android.intent.action.VIEW" />
73-->src\main\AndroidManifest.xml:44:17-69
73-->src\main\AndroidManifest.xml:44:25-66
74
75                <category android:name="android.intent.category.DEFAULT" />
75-->src\main\AndroidManifest.xml:46:17-76
75-->src\main\AndroidManifest.xml:46:27-73
76                <category android:name="android.intent.category.BROWSABLE" />
76-->src\main\AndroidManifest.xml:47:17-78
76-->src\main\AndroidManifest.xml:47:27-75
77
78                <data android:scheme="@string/fb_login_protocol_scheme" />
78-->src\main\AndroidManifest.xml:49:17-75
78-->src\main\AndroidManifest.xml:49:23-72
79            </intent-filter>
80            <intent-filter>
80-->[com.facebook.android:facebook-common:8.2.0] AndroidManifest.xml:39:13-48:29
81                <action android:name="android.intent.action.VIEW" />
81-->src\main\AndroidManifest.xml:44:17-69
81-->src\main\AndroidManifest.xml:44:25-66
82
83                <category android:name="android.intent.category.DEFAULT" />
83-->src\main\AndroidManifest.xml:46:17-76
83-->src\main\AndroidManifest.xml:46:27-73
84                <category android:name="android.intent.category.BROWSABLE" />
84-->src\main\AndroidManifest.xml:47:17-78
84-->src\main\AndroidManifest.xml:47:27-75
85
86                <data
86-->src\main\AndroidManifest.xml:49:17-75
87                    android:host="cct.com.mdasilva.go4lunch"
88                    android:scheme="fbconnect" />
88-->src\main\AndroidManifest.xml:49:23-72
89            </intent-filter>
90        </activity>
91        <activity
91-->[com.google.android.libraries.places:places:2.4.0] AndroidManifest.xml:14:9-20:20
92            android:name="com.google.android.libraries.places.widget.AutocompleteActivity"
92-->[com.google.android.libraries.places:places:2.4.0] AndroidManifest.xml:15:13-91
93            android:exported="false"
93-->[com.google.android.libraries.places:places:2.4.0] AndroidManifest.xml:16:13-37
94            android:label="@string/places_autocomplete_label"
94-->[com.google.android.libraries.places:places:2.4.0] AndroidManifest.xml:17:13-62
95            android:theme="@style/PlacesAutocompleteOverlay"
95-->[com.google.android.libraries.places:places:2.4.0] AndroidManifest.xml:18:13-61
96            android:windowSoftInputMode="adjustResize" >
96-->[com.google.android.libraries.places:places:2.4.0] AndroidManifest.xml:19:13-55
97        </activity>
98        <activity android:name="com.facebook.CustomTabMainActivity" /> <!-- Needs to be explicitly declared on P+ -->
98-->[com.facebook.android:facebook-common:8.2.0] AndroidManifest.xml:34:9-71
98-->[com.facebook.android:facebook-common:8.2.0] AndroidManifest.xml:34:19-68
99        <uses-library
99-->[com.google.android.gms:play-services-maps:17.0.1] AndroidManifest.xml:39:9-41:40
100            android:name="org.apache.http.legacy"
100-->[com.google.android.gms:play-services-maps:17.0.1] AndroidManifest.xml:40:13-50
101            android:required="false" />
101-->[com.google.android.gms:play-services-maps:17.0.1] AndroidManifest.xml:41:13-37
102
103        <activity
103-->[com.google.firebase:firebase-auth:21.0.1] AndroidManifest.xml:27:9-44:20
104            android:name="com.google.firebase.auth.internal.GenericIdpActivity"
104-->[com.google.firebase:firebase-auth:21.0.1] AndroidManifest.xml:28:13-80
105            android:excludeFromRecents="true"
105-->[com.google.firebase:firebase-auth:21.0.1] AndroidManifest.xml:29:13-46
106            android:exported="true"
106-->[com.google.firebase:firebase-auth:21.0.1] AndroidManifest.xml:30:13-36
107            android:launchMode="singleTask"
107-->[com.google.firebase:firebase-auth:21.0.1] AndroidManifest.xml:31:13-44
108            android:theme="@android:style/Theme.Translucent.NoTitleBar" >
108-->[com.google.firebase:firebase-auth:21.0.1] AndroidManifest.xml:32:13-72
109            <intent-filter>
109-->[com.google.firebase:firebase-auth:21.0.1] AndroidManifest.xml:33:13-43:29
110                <action android:name="android.intent.action.VIEW" />
110-->src\main\AndroidManifest.xml:44:17-69
110-->src\main\AndroidManifest.xml:44:25-66
111
112                <category android:name="android.intent.category.DEFAULT" />
112-->src\main\AndroidManifest.xml:46:17-76
112-->src\main\AndroidManifest.xml:46:27-73
113                <category android:name="android.intent.category.BROWSABLE" />
113-->src\main\AndroidManifest.xml:47:17-78
113-->src\main\AndroidManifest.xml:47:27-75
114
115                <data
115-->src\main\AndroidManifest.xml:49:17-75
116                    android:host="firebase.auth"
117                    android:path="/"
118                    android:scheme="genericidp" />
118-->src\main\AndroidManifest.xml:49:23-72
119            </intent-filter>
120        </activity>
121        <activity
121-->[com.google.firebase:firebase-auth:21.0.1] AndroidManifest.xml:45:9-62:20
122            android:name="com.google.firebase.auth.internal.RecaptchaActivity"
122-->[com.google.firebase:firebase-auth:21.0.1] AndroidManifest.xml:46:13-79
123            android:excludeFromRecents="true"
123-->[com.google.firebase:firebase-auth:21.0.1] AndroidManifest.xml:47:13-46
124            android:exported="true"
124-->[com.google.firebase:firebase-auth:21.0.1] AndroidManifest.xml:48:13-36
125            android:launchMode="singleTask"
125-->[com.google.firebase:firebase-auth:21.0.1] AndroidManifest.xml:49:13-44
126            android:theme="@android:style/Theme.Translucent.NoTitleBar" >
126-->[com.google.firebase:firebase-auth:21.0.1] AndroidManifest.xml:50:13-72
127            <intent-filter>
127-->[com.google.firebase:firebase-auth:21.0.1] AndroidManifest.xml:51:13-61:29
128                <action android:name="android.intent.action.VIEW" />
128-->src\main\AndroidManifest.xml:44:17-69
128-->src\main\AndroidManifest.xml:44:25-66
129
130                <category android:name="android.intent.category.DEFAULT" />
130-->src\main\AndroidManifest.xml:46:17-76
130-->src\main\AndroidManifest.xml:46:27-73
131                <category android:name="android.intent.category.BROWSABLE" />
131-->src\main\AndroidManifest.xml:47:17-78
131-->src\main\AndroidManifest.xml:47:27-75
132
133                <data
133-->src\main\AndroidManifest.xml:49:17-75
134                    android:host="firebase.auth"
135                    android:path="/"
136                    android:scheme="recaptcha" />
136-->src\main\AndroidManifest.xml:49:23-72
137            </intent-filter>
138        </activity>
139
140        <service
140-->[com.google.firebase:firebase-auth:21.0.1] AndroidManifest.xml:64:9-73:19
141            android:name="com.google.firebase.auth.api.fallback.service.FirebaseAuthFallbackService"
141-->[com.google.firebase:firebase-auth:21.0.1] AndroidManifest.xml:65:13-101
142            android:enabled="true"
142-->[com.google.firebase:firebase-auth:21.0.1] AndroidManifest.xml:66:13-35
143            android:exported="false" >
143-->[com.google.firebase:firebase-auth:21.0.1] AndroidManifest.xml:67:13-37
144            <intent-filter>
144-->[com.google.firebase:firebase-auth:21.0.1] AndroidManifest.xml:68:13-72:29
145                <action android:name="com.google.firebase.auth.api.gms.service.START" />
145-->[com.google.firebase:firebase-auth:21.0.1] AndroidManifest.xml:69:17-89
145-->[com.google.firebase:firebase-auth:21.0.1] AndroidManifest.xml:69:25-86
146
147                <category android:name="android.intent.category.DEFAULT" />
147-->src\main\AndroidManifest.xml:46:17-76
147-->src\main\AndroidManifest.xml:46:27-73
148            </intent-filter>
149        </service>
150        <service
150-->[com.google.firebase:firebase-auth:21.0.1] AndroidManifest.xml:74:9-80:19
151            android:name="com.google.firebase.components.ComponentDiscoveryService"
151-->[com.google.firebase:firebase-auth:21.0.1] AndroidManifest.xml:75:13-84
152            android:directBootAware="true"
152-->[com.google.firebase:firebase-common:20.0.0] AndroidManifest.xml:35:13-43
153            android:exported="false" >
153-->[com.google.firebase:firebase-auth:21.0.1] AndroidManifest.xml:76:13-37
154            <meta-data
154-->[com.google.firebase:firebase-auth:21.0.1] AndroidManifest.xml:77:13-79:85
155                android:name="com.google.firebase.components:com.google.firebase.auth.FirebaseAuthRegistrar"
155-->[com.google.firebase:firebase-auth:21.0.1] AndroidManifest.xml:78:17-109
156                android:value="com.google.firebase.components.ComponentRegistrar" />
156-->[com.google.firebase:firebase-auth:21.0.1] AndroidManifest.xml:79:17-82
157            <meta-data
157-->[com.google.firebase:firebase-database:20.0.1] AndroidManifest.xml:32:13-34:85
158                android:name="com.google.firebase.components:com.google.firebase.database.DatabaseRegistrar"
158-->[com.google.firebase:firebase-database:20.0.1] AndroidManifest.xml:33:17-109
159                android:value="com.google.firebase.components.ComponentRegistrar" />
159-->[com.google.firebase:firebase-database:20.0.1] AndroidManifest.xml:34:17-82
160            <meta-data
160-->[com.google.android.gms:play-services-measurement-api:19.0.0] AndroidManifest.xml:30:13-32:85
161                android:name="com.google.firebase.components:com.google.firebase.analytics.connector.internal.AnalyticsConnectorRegistrar"
161-->[com.google.android.gms:play-services-measurement-api:19.0.0] AndroidManifest.xml:31:17-139
162                android:value="com.google.firebase.components.ComponentRegistrar" />
162-->[com.google.android.gms:play-services-measurement-api:19.0.0] AndroidManifest.xml:32:17-82
163            <meta-data
163-->[com.google.firebase:firebase-installations:17.0.0] AndroidManifest.xml:18:13-20:85
164                android:name="com.google.firebase.components:com.google.firebase.installations.FirebaseInstallationsRegistrar"
164-->[com.google.firebase:firebase-installations:17.0.0] AndroidManifest.xml:19:17-127
165                android:value="com.google.firebase.components.ComponentRegistrar" />
165-->[com.google.firebase:firebase-installations:17.0.0] AndroidManifest.xml:20:17-82
166        </service>
167
168        <activity
168-->[com.google.android.gms:play-services-auth:19.2.0] AndroidManifest.xml:23:9-27:75
169            android:name="com.google.android.gms.auth.api.signin.internal.SignInHubActivity"
169-->[com.google.android.gms:play-services-auth:19.2.0] AndroidManifest.xml:24:13-93
170            android:excludeFromRecents="true"
170-->[com.google.android.gms:play-services-auth:19.2.0] AndroidManifest.xml:25:13-46
171            android:exported="false"
171-->[com.google.android.gms:play-services-auth:19.2.0] AndroidManifest.xml:26:13-37
172            android:theme="@android:style/Theme.Translucent.NoTitleBar" />
172-->[com.google.android.gms:play-services-auth:19.2.0] AndroidManifest.xml:27:13-72
173        <!--
174            Service handling Google Sign-In user revocation. For apps that do not integrate with
175            Google Sign-In, this service will never be started.
176        -->
177        <service
177-->[com.google.android.gms:play-services-auth:19.2.0] AndroidManifest.xml:33:9-37:51
178            android:name="com.google.android.gms.auth.api.signin.RevocationBoundService"
178-->[com.google.android.gms:play-services-auth:19.2.0] AndroidManifest.xml:34:13-89
179            android:exported="true"
179-->[com.google.android.gms:play-services-auth:19.2.0] AndroidManifest.xml:35:13-36
180            android:permission="com.google.android.gms.auth.api.signin.permission.REVOCATION_NOTIFICATION"
180-->[com.google.android.gms:play-services-auth:19.2.0] AndroidManifest.xml:36:13-107
181            android:visibleToInstantApps="true" />
181-->[com.google.android.gms:play-services-auth:19.2.0] AndroidManifest.xml:37:13-48
182
183        <provider
183-->[com.google.firebase:firebase-common:20.0.0] AndroidManifest.xml:26:9-31:39
184            android:name="com.google.firebase.provider.FirebaseInitProvider"
184-->[com.google.firebase:firebase-common:20.0.0] AndroidManifest.xml:27:13-77
185            android:authorities="com.mdasilva.go4lunch.firebaseinitprovider"
185-->[com.google.firebase:firebase-common:20.0.0] AndroidManifest.xml:28:13-72
186            android:directBootAware="true"
186-->[com.google.firebase:firebase-common:20.0.0] AndroidManifest.xml:29:13-43
187            android:exported="false"
187-->[com.google.firebase:firebase-common:20.0.0] AndroidManifest.xml:30:13-37
188            android:initOrder="100" />
188-->[com.google.firebase:firebase-common:20.0.0] AndroidManifest.xml:31:13-36
189
190        <activity
190-->[com.google.android.gms:play-services-base:17.5.0] AndroidManifest.xml:23:9-26:75
191            android:name="com.google.android.gms.common.api.GoogleApiActivity"
191-->[com.google.android.gms:play-services-base:17.5.0] AndroidManifest.xml:24:13-79
192            android:exported="false"
192-->[com.google.android.gms:play-services-base:17.5.0] AndroidManifest.xml:25:13-37
193            android:theme="@android:style/Theme.Translucent.NoTitleBar" />
193-->[com.google.android.gms:play-services-base:17.5.0] AndroidManifest.xml:26:13-72
194
195        <receiver
195-->[com.google.android.gms:play-services-measurement:19.0.0] AndroidManifest.xml:29:9-33:20
196            android:name="com.google.android.gms.measurement.AppMeasurementReceiver"
196-->[com.google.android.gms:play-services-measurement:19.0.0] AndroidManifest.xml:30:13-85
197            android:enabled="true"
197-->[com.google.android.gms:play-services-measurement:19.0.0] AndroidManifest.xml:31:13-35
198            android:exported="false" >
198-->[com.google.android.gms:play-services-measurement:19.0.0] AndroidManifest.xml:32:13-37
199        </receiver>
200
201        <service
201-->[com.google.android.gms:play-services-measurement:19.0.0] AndroidManifest.xml:35:9-38:40
202            android:name="com.google.android.gms.measurement.AppMeasurementService"
202-->[com.google.android.gms:play-services-measurement:19.0.0] AndroidManifest.xml:36:13-84
203            android:enabled="true"
203-->[com.google.android.gms:play-services-measurement:19.0.0] AndroidManifest.xml:37:13-35
204            android:exported="false" />
204-->[com.google.android.gms:play-services-measurement:19.0.0] AndroidManifest.xml:38:13-37
205        <service
205-->[com.google.android.gms:play-services-measurement:19.0.0] AndroidManifest.xml:39:9-43:72
206            android:name="com.google.android.gms.measurement.AppMeasurementJobService"
206-->[com.google.android.gms:play-services-measurement:19.0.0] AndroidManifest.xml:40:13-87
207            android:enabled="true"
207-->[com.google.android.gms:play-services-measurement:19.0.0] AndroidManifest.xml:41:13-35
208            android:exported="false"
208-->[com.google.android.gms:play-services-measurement:19.0.0] AndroidManifest.xml:42:13-37
209            android:permission="android.permission.BIND_JOB_SERVICE" />
209-->[com.google.android.gms:play-services-measurement:19.0.0] AndroidManifest.xml:43:13-69
210
211        <meta-data
211-->[com.google.android.gms:play-services-basement:17.5.0] AndroidManifest.xml:23:9-25:69
212            android:name="com.google.android.gms.version"
212-->[com.google.android.gms:play-services-basement:17.5.0] AndroidManifest.xml:24:13-58
213            android:value="@integer/google_play_services_version" />
213-->[com.google.android.gms:play-services-basement:17.5.0] AndroidManifest.xml:25:13-66
214        <!--
215         The initialization ContentProvider will call FacebookSdk.sdkInitialize automatically
216         with the application context. This config is merged in with the host app's manifest,
217         but there can only be one provider with the same authority activated at any given
218         point; so if the end user has two or more different apps that use Facebook SDK, only the
219         first one will be able to use the provider. To work around this problem, we use the
220         following placeholder in the authority to identify each host application as if it was
221         a completely different provider.
222        -->
223        <provider
223-->[com.facebook.android:facebook-core:8.2.0] AndroidManifest.xml:39:9-42:40
224            android:name="com.facebook.internal.FacebookInitProvider"
224-->[com.facebook.android:facebook-core:8.2.0] AndroidManifest.xml:40:13-70
225            android:authorities="com.mdasilva.go4lunch.FacebookInitProvider"
225-->[com.facebook.android:facebook-core:8.2.0] AndroidManifest.xml:41:13-72
226            android:exported="false" />
226-->[com.facebook.android:facebook-core:8.2.0] AndroidManifest.xml:42:13-37
227
228        <receiver
228-->[com.facebook.android:facebook-core:8.2.0] AndroidManifest.xml:44:9-50:20
229            android:name="com.facebook.CurrentAccessTokenExpirationBroadcastReceiver"
229-->[com.facebook.android:facebook-core:8.2.0] AndroidManifest.xml:45:13-86
230            android:exported="false" >
230-->[com.facebook.android:facebook-core:8.2.0] AndroidManifest.xml:46:13-37
231            <intent-filter>
231-->[com.facebook.android:facebook-core:8.2.0] AndroidManifest.xml:47:13-49:29
232                <action android:name="com.facebook.sdk.ACTION_CURRENT_ACCESS_TOKEN_CHANGED" />
232-->[com.facebook.android:facebook-core:8.2.0] AndroidManifest.xml:48:17-95
232-->[com.facebook.android:facebook-core:8.2.0] AndroidManifest.xml:48:25-92
233            </intent-filter>
234        </receiver>
235
236        <provider
236-->[androidx.lifecycle:lifecycle-process:2.1.0] AndroidManifest.xml:23:9-27:43
237            android:name="androidx.lifecycle.ProcessLifecycleOwnerInitializer"
237-->[androidx.lifecycle:lifecycle-process:2.1.0] AndroidManifest.xml:24:13-79
238            android:authorities="com.mdasilva.go4lunch.lifecycle-process"
238-->[androidx.lifecycle:lifecycle-process:2.1.0] AndroidManifest.xml:25:13-69
239            android:exported="false"
239-->[androidx.lifecycle:lifecycle-process:2.1.0] AndroidManifest.xml:26:13-37
240            android:multiprocess="true" />
240-->[androidx.lifecycle:lifecycle-process:2.1.0] AndroidManifest.xml:27:13-40
241
242        <service
242-->[com.google.android.datatransport:transport-backend-cct:2.3.0] AndroidManifest.xml:29:9-35:19
243            android:name="com.google.android.datatransport.runtime.backends.TransportBackendDiscovery"
243-->[com.google.android.datatransport:transport-backend-cct:2.3.0] AndroidManifest.xml:30:13-103
244            android:exported="false" >
244-->[com.google.android.datatransport:transport-backend-cct:2.3.0] AndroidManifest.xml:31:13-37
245            <meta-data
245-->[com.google.android.datatransport:transport-backend-cct:2.3.0] AndroidManifest.xml:32:13-34:39
246                android:name="backend:com.google.android.datatransport.cct.CctBackendFactory"
246-->[com.google.android.datatransport:transport-backend-cct:2.3.0] AndroidManifest.xml:33:17-94
247                android:value="cct" />
247-->[com.google.android.datatransport:transport-backend-cct:2.3.0] AndroidManifest.xml:34:17-36
248        </service>
249        <service
249-->[com.google.android.datatransport:transport-runtime:2.2.3] AndroidManifest.xml:26:9-30:19
250            android:name="com.google.android.datatransport.runtime.scheduling.jobscheduling.JobInfoSchedulerService"
250-->[com.google.android.datatransport:transport-runtime:2.2.3] AndroidManifest.xml:27:13-117
251            android:exported="false"
251-->[com.google.android.datatransport:transport-runtime:2.2.3] AndroidManifest.xml:28:13-37
252            android:permission="android.permission.BIND_JOB_SERVICE" >
252-->[com.google.android.datatransport:transport-runtime:2.2.3] AndroidManifest.xml:29:13-69
253        </service>
254
255        <receiver
255-->[com.google.android.datatransport:transport-runtime:2.2.3] AndroidManifest.xml:32:9-34:40
256            android:name="com.google.android.datatransport.runtime.scheduling.jobscheduling.AlarmManagerSchedulerBroadcastReceiver"
256-->[com.google.android.datatransport:transport-runtime:2.2.3] AndroidManifest.xml:33:13-132
257            android:exported="false" />
257-->[com.google.android.datatransport:transport-runtime:2.2.3] AndroidManifest.xml:34:13-37
258    </application>
259
260</manifest>